# JRE version: OpenJDK Runtime Environment (17.0.6) (build 17.0.6+0-b2043.56-10027231)
# Java VM: OpenJDK 64-Bit Server VM (17.0.6+0-b2043.56-10027231, mixed mode, tiered, compressed oops, compressed class ptrs, g1 gc, windows-amd64)
GC Precious Log:
 CPUs: 12 total, 12 available
 Memory: 7528M
 Large Page Support: Disabled
 NUMA Support: Disabled
 Compressed Oops: Enabled (32-bit)
 Heap Region Size: 1M
 Heap Min Capacity: 8M
 Heap Initial Capacity: 118M
 Heap Max Capacity: 2G
 Pre-touch: Disabled
 Parallel Workers: 10
 Concurrent Workers: 3
 Concurrent Refinement Workers: 10
 Periodic GC: Disabled
Heap:
 garbage-first heap   total 241664K, used 125976K [0x0000000080000000, 0x0000000100000000)
  region size 1024K, 35 young (35840K), 2 survivors (2048K)
 Metaspace       used 92106K, committed 92800K, reserved 1130496K
  class space    used 13022K, committed 13312K, reserved 1048576K
GC Heap History (20 events):
Event: 6.258 GC heap before
{Heap before GC invocations=31 (full 0):
 garbage-first heap   total 135168K, used 94536K [0x0000000080000000, 0x0000000100000000)
  region size 1024K, 20 young (20480K), 4 survivors (4096K)
 Metaspace       used 67796K, committed 68416K, reserved 1114112K
  class space    used 9599K, committed 9856K, reserved 1048576K
}
Event: 6.261 GC heap after
{Heap after GC invocations=32 (full 0):
 garbage-first heap   total 135168K, used 79486K [0x0000000080000000, 0x0000000100000000)
  region size 1024K, 2 young (2048K), 2 survivors (2048K)
 Metaspace       used 67796K, committed 68416K, reserved 1114112K
  class space    used 9599K, committed 9856K, reserved 1048576K
}
Event: 6.495 GC heap before
{Heap before GC invocations=32 (full 0):
 garbage-first heap   total 135168K, used 96894K [0x0000000080000000, 0x0000000100000000)
  region size 1024K, 20 young (20480K), 2 survivors (2048K)
 Metaspace       used 70987K, committed 71680K, reserved 1114112K
  class space    used 9973K, committed 10304K, reserved 1048576K
}
Event: 6.497 GC heap after
{Heap after GC invocations=33 (full 0):
 garbage-first heap   total 135168K, used 80120K [0x0000000080000000, 0x0000000100000000)
  region size 1024K, 1 young (1024K), 1 survivors (1024K)
 Metaspace       used 70987K, committed 71680K, reserved 1114112K
  class space    used 9973K, committed 10304K, reserved 1048576K
}
Event: 6.768 GC heap before
{Heap before GC invocations=34 (full 0):
 garbage-first heap   total 138240K, used 100600K [0x0000000080000000, 0x0000000100000000)
  region size 1024K, 21 young (21504K), 1 survivors (1024K)
 Metaspace       used 74137K, committed 74880K, reserved 1114112K
  class space    used 10425K, committed 10752K, reserved 1048576K
}
Event: 6.771 GC heap after
{Heap after GC invocations=35 (full 0):
 garbage-first heap   total 138240K, used 81203K [0x0000000080000000, 0x0000000100000000)
  region size 1024K, 2 young (2048K), 2 survivors (2048K)
 Metaspace       used 74137K, committed 74880K, reserved 1114112K
  class space    used 10425K, committed 10752K, reserved 1048576K
}
Event: 6.817 GC heap before
{Heap before GC invocations=35 (full 0):
 garbage-first heap   total 138240K, used 84275K [0x0000000080000000, 0x0000000100000000)
  region size 1024K, 6 young (6144K), 2 survivors (2048K)
 Metaspace       used 75148K, committed 75904K, reserved 1114112K
  class space    used 10541K, committed 10880K, reserved 1048576K
}
Event: 6.820 GC heap after
{Heap after GC invocations=36 (full 0):
 garbage-first heap   total 138240K, used 81797K [0x0000000080000000, 0x0000000100000000)
  region size 1024K, 1 young (1024K), 1 survivors (1024K)
 Metaspace       used 75148K, committed 75904K, reserved 1114112K
  class space    used 10541K, committed 10880K, reserved 1048576K
}
Event: 6.874 GC heap before
{Heap before GC invocations=36 (full 0):
 garbage-first heap   total 138240K, used 83845K [0x0000000080000000, 0x0000000100000000)
  region size 1024K, 4 young (4096K), 1 survivors (1024K)
 Metaspace       used 75755K, committed 76480K, reserved 1114112K
  class space    used 10614K, committed 10944K, reserved 1048576K
}
Event: 6.875 GC heap after
{Heap after GC invocations=37 (full 0):
 garbage-first heap   total 138240K, used 82336K [0x0000000080000000, 0x0000000100000000)
  region size 1024K, 2 young (2048K), 2 survivors (2048K)
 Metaspace       used 75755K, committed 76480K, reserved 1114112K
  class space    used 10614K, committed 10944K, reserved 1048576K
}
Event: 7.013 GC heap before
{Heap before GC invocations=38 (full 0):
 garbage-first heap   total 168960K, used 112032K [0x0000000080000000, 0x0000000100000000)
  region size 1024K, 25 young (25600K), 2 survivors (2048K)
 Metaspace       used 77123K, committed 77760K, reserved 1122304K
  class space    used 10798K, committed 11072K, reserved 1048576K
}
Event: 7.016 GC heap after
{Heap after GC invocations=39 (full 0):
 garbage-first heap   total 168960K, used 84431K [0x0000000080000000, 0x0000000100000000)
  region size 1024K, 4 young (4096K), 4 survivors (4096K)
 Metaspace       used 77123K, committed 77760K, reserved 1122304K
  class space    used 10798K, committed 11072K, reserved 1048576K
}
Event: 7.043 GC heap before
{Heap before GC invocations=39 (full 0):
 garbage-first heap   total 168960K, used 88527K [0x0000000080000000, 0x0000000100000000)
  region size 1024K, 8 young (8192K), 4 survivors (4096K)
 Metaspace       used 77480K, committed 78144K, reserved 1122304K
  class space    used 10848K, committed 11136K, reserved 1048576K
}
Event: 7.046 GC heap after
{Heap after GC invocations=40 (full 0):
 garbage-first heap   total 168960K, used 84715K [0x0000000080000000, 0x0000000100000000)
  region size 1024K, 1 young (1024K), 1 survivors (1024K)
 Metaspace       used 77480K, committed 78144K, reserved 1122304K
  class space    used 10848K, committed 11136K, reserved 1048576K
}
Event: 7.395 GC heap before
{Heap before GC invocations=40 (full 0):
 garbage-first heap   total 168960K, used 121579K [0x0000000080000000, 0x0000000100000000)
  region size 1024K, 37 young (37888K), 1 survivors (1024K)
 Metaspace       used 81007K, committed 81664K, reserved 1122304K
  class space    used 11332K, committed 11648K, reserved 1048576K
}
Event: 7.398 GC heap after
{Heap after GC invocations=41 (full 0):
 garbage-first heap   total 241664K, used 86749K [0x0000000080000000, 0x0000000100000000)
  region size 1024K, 3 young (3072K), 3 survivors (3072K)
 Metaspace       used 81007K, committed 81664K, reserved 1122304K
  class space    used 11332K, committed 11648K, reserved 1048576K
}
Event: 8.349 GC heap before
{Heap before GC invocations=42 (full 0):
 garbage-first heap   total 241664K, used 160477K [0x0000000080000000, 0x0000000100000000)
  region size 1024K, 76 young (77824K), 3 survivors (3072K)
 Metaspace       used 87798K, committed 88512K, reserved 1130496K
  class space    used 12247K, committed 12544K, reserved 1048576K
}
Event: 8.369 GC heap after
{Heap after GC invocations=43 (full 0):
 garbage-first heap   total 241664K, used 91999K [0x0000000080000000, 0x0000000100000000)
  region size 1024K, 8 young (8192K), 8 survivors (8192K)
 Metaspace       used 87798K, committed 88512K, reserved 1130496K
  class space    used 12247K, committed 12544K, reserved 1048576K
}
Event: 8.459 GC heap before
{Heap before GC invocations=43 (full 0):
 garbage-first heap   total 241664K, used 95071K [0x0000000080000000, 0x0000000100000000)
  region size 1024K, 11 young (11264K), 8 survivors (8192K)
 Metaspace       used 88213K, committed 88896K, reserved 1130496K
  class space    used 12299K, committed 12608K, reserved 1048576K
}
Event: 8.468 GC heap after
{Heap after GC invocations=44 (full 0):
 garbage-first heap   total 241664K, used 93208K [0x0000000080000000, 0x0000000100000000)
  region size 1024K, 2 young (2048K), 2 survivors (2048K)
 Metaspace       used 88213K, committed 88896K, reserved 1130496K
  class space    used 12299K, committed 12608K, reserved 1048576K
}

